Starting /home/k/ks225/.bash_profile ... standard AFS bash profile

========================
Home directory : /home/k/ks225 is not in AFS -- skipping quota check
========================

On host node650 :
	 16:08:00 up 41 days, 20:07,  1 user,  load average: 1.06, 1.00, 1.42

=== === === Your Kerberos ticket and AFS token status === === ===
klist: No credentials cache found (filename: /tmp/krb5cc_480898_qGIco78xIg)
Kerberos : 
AFS      : 

Loading default modules ...
Create file : "/home/k/ks225/.modules" to customize.

No modules loaded
/home/k/ks225/annotations/spectral_new/data2.json
721
['CompilationUnit', 'PackageDeclaration', 'Name', 'ImportDeclaration', 'ClassOrInterfaceDeclaration', 'Modifier', 'SimpleName', 'FieldDeclaration', 'VariableDeclarator', 'ClassOrInterfaceType', 'ConstructorDeclaration', 'Parameter', 'NonNullMarkerAnnotationExpr', 'PrimitiveType', 'BlockStmt', 'IfStmt', 'BinaryExpr', 'NameExpr', 'NullLiteralExpr', 'IntegerLiteralExpr', 'ThrowStmt', 'ObjectCreationExpr', 'StringLiteralExpr', 'ExpressionStmt', 'AssignExpr', 'public MethodDeclaration', 'VoidType', 'MethodCallExpr', 'ConditionalExpr', 'ThisExpr', 'private booleanMethodDeclaration', 'ReturnStmt', 'OverrideMarkerAnnotationExpr', 'UnaryExpr', 'longMethodDeclaration', 'public booleanMethodDeclaration', 'static MethodDeclaration', 'native static private booleanMethodDeclaration', 'native static private MethodDeclaration', 'SystemApiMarkerAnnotationExpr', 'abstract public MethodDeclaration', 'abstract public intMethodDeclaration', 'DeprecatedMarkerAnnotationExpr', 'ArrayType', 'abstract public booleanMethodDeclaration', 'SingleMemberAnnotationExpr', 'ConfigFlagMarkerAnnotationExpr', 'BooleanLiteralExpr', 'CharLiteralExpr', 'ForEachStmt', 'VariableDeclarationExpr', 'UnsupportedAppUsageMarkerAnnotationExpr', 'private shortMethodDeclaration', 'private MethodDeclaration', 'TryStmt', 'AnnotationDeclaration', 'FieldAccessExpr', 'ArrayInitializerExpr', 'ExplicitConstructorInvocationStmt', 'public intMethodDeclaration', 'CastExpr', 'ArrayCreationExpr', 'ArrayCreationLevel', 'Vr2dDisplayFlagMarkerAnnotationExpr', 'static private MethodDeclaration', 'EnclosedExpr', 'NormalAnnotationExpr', 'MemberValuePair', 'MethodDeclaration', 'SwitchStmt', 'SwitchEntry', 'BreakStmt', 'BlockComment', 'InstanceOfExpr', 'static private booleanMethodDeclaration', 'ProfileTypeMarkerAnnotationExpr', 'CallbackExecutorMarkerAnnotationExpr', 'LambdaExpr', 'static public MethodDeclaration', 'ForStmt', 'ClassExpr', 'ArrayAccessExpr', 'final VariableDeclarationExpr', 'WhileStmt', 'SuperExpr', 'public charMethodDeclaration', 'static private intMethodDeclaration', 'intMethodDeclaration', 'AttributionFlagsMarkerAnnotationExpr', 'default MethodDeclaration', 'DoubleLiteralExpr', 'MethodReferenceExpr', 'TypeExpr', 'final public MethodDeclaration', 'ChangeIdMarkerAnnotationExpr', 'booleanMethodDeclaration', 'shortMethodDeclaration', 'floatMethodDeclaration', 'doubleMethodDeclaration', 'LineComment', 'ContinueStmt', 'TypeParameter', 'WildcardType', 'UserIdIntMarkerAnnotationExpr', 'SynchronizedStmt', 'UnknownType', 'SysUISingletonMarkerAnnotationExpr', 'InjectMarkerAnnotationExpr', 'ColorIntMarkerAnnotationExpr', 'ColorLongMarkerAnnotationExpr', 'protected longMethodDeclaration', 'native static private longMethodDeclaration', 'NotifyEventTypeMarkerAnnotationExpr', 'native private intMethodDeclaration', 'native private MethodDeclaration', 'InitializerDeclaration', 'protected MethodDeclaration', 'static public intMethodDeclaration', 'TypeMarkerAnnotationExpr', 'ResultMarkerAnnotationExpr', 'public longMethodDeclaration', 'VisibleForTestingMarkerAnnotationExpr', 'LongLiteralExpr', 'WorkerThreadMarkerAnnotationExpr', 'private intMethodDeclaration', 'MessageTypeMarkerAnnotationExpr', 'DisconnectCausesMarkerAnnotationExpr', 'PreciseDisconnectCausesMarkerAnnotationExpr', 'JavadocComment', 'native private longMethodDeclaration', 'native private booleanMethodDeclaration', 'NetworkTypeMarkerAnnotationExpr', 'CurrentTimeMillisLongMarkerAnnotationExpr', 'static public booleanMethodDeclaration', 'GameModeMarkerAnnotationExpr', 'TestApiMarkerAnnotationExpr', 'UserHandleAwareMarkerAnnotationExpr', 'final public booleanMethodDeclaration', 'final public intMethodDeclaration', 'NotNullMarkerAnnotationExpr', 'RotationMarkerAnnotationExpr', 'DimensionMarkerAnnotationExpr', 'final native public longMethodDeclaration', 'final native public MethodDeclaration', 'FontSlantMarkerAnnotationExpr', 'synchronized private MethodDeclaration', 'private doubleMethodDeclaration', 'static private doubleMethodDeclaration', 'synchronized static public MethodDeclaration', 'MemberMarkerAnnotationExpr', 'AnyThreadMarkerAnnotationExpr', 'static intMethodDeclaration', 'InputMethodNavButtonFlagsMarkerAnnotationExpr', 'static booleanMethodDeclaration', 'synchronized static private MethodDeclaration', 'OriginEnumMarkerAnnotationExpr', 'PurposeEnumMarkerAnnotationExpr', 'EncryptionPaddingEnumMarkerAnnotationExpr', 'SignaturePaddingEnumMarkerAnnotationExpr', 'DigestEnumMarkerAnnotationExpr', 'BlockModeEnumMarkerAnnotationExpr', 'AuthEnumMarkerAnnotationExpr', 'SecurityLevelEnumMarkerAnnotationExpr', 'CriticalNativeMarkerAnnotationExpr', 'native static private intMethodDeclaration', 'FastNativeMarkerAnnotationExpr', 'abstract protected intMethodDeclaration', 'MainMarkerAnnotationExpr', 'abstract protected MethodDeclaration', 'OriginMarkerAnnotationExpr', 'final static public intMethodDeclaration', 'static public longMethodDeclaration', 'InsetsTypeMarkerAnnotationExpr', 'public floatMethodDeclaration', 'DispatchModeMarkerAnnotationExpr', 'SecurityPatchStateMarkerAnnotationExpr', 'LevelMarkerAnnotationExpr', 'EventTypeMarkerAnnotationExpr', 'KeyAlgorithmEnumMarkerAnnotationExpr', 'BytesLongMarkerAnnotationExpr', 'StateMarkerAnnotationExpr', 'protected booleanMethodDeclaration', 'FlagsMarkerAnnotationExpr', 'protected intMethodDeclaration', 'AutofillTypeMarkerAnnotationExpr', 'VibrationIntensityMarkerAnnotationExpr', 'static private floatMethodDeclaration', 'final static public MethodDeclaration', 'final protected MethodDeclaration', 'private floatMethodDeclaration', 'StringResMarkerAnnotationExpr', 'StatusMarkerAnnotationExpr', 'AttrResMarkerAnnotationExpr', 'AppearanceMarkerAnnotationExpr', 'ActionTypeMarkerAnnotationExpr', 'FlagTypeMarkerAnnotationExpr', 'MainThreadMarkerAnnotationExpr', 'public default MethodDeclaration', 'CallSuperMarkerAnnotationExpr', 'OperationTypeMarkerAnnotationExpr', 'ActivityTypeMarkerAnnotationExpr', 'AvailabilityMarkerAnnotationExpr', 'RequestTemplateMarkerAnnotationExpr', 'ErrorCodeMarkerAnnotationExpr', 'CAMERA_AUDIO_RESTRICTIONMarkerAnnotationExpr', 'CapabilityStateMarkerAnnotationExpr', 'ImmutableMarkerAnnotationExpr', 'SamplingStrategyMarkerAnnotationExpr', 'WindowingModeMarkerAnnotationExpr', 'static protected booleanMethodDeclaration', 'abstract MethodDeclaration', 'LockoutModeMarkerAnnotationExpr', 'synchronized MethodDeclaration', 'StaticMarkerAnnotationExpr', 'DrawableResMarkerAnnotationExpr', 'IconTypeMarkerAnnotationExpr', 'static protected MethodDeclaration', 'SettingMarkerAnnotationExpr', 'TransitionOldTypeMarkerAnnotationExpr', 'RemoteViewMarkerAnnotationExpr', 'StyleResMarkerAnnotationExpr', 'RemotableViewMethodMarkerAnnotationExpr', 'abstract public longMethodDeclaration', 'ConfigMarkerAnnotationExpr', 'abstract protected booleanMethodDeclaration', 'synchronized public MethodDeclaration', 'ImplementationMarkerAnnotationExpr', 'DirectMarkerAnnotationExpr', 'OrientationMarkerAnnotationExpr', 'RuleMarkerAnnotationExpr', 'BeforeMarkerAnnotationExpr', 'AfterMarkerAnnotationExpr', 'TestMarkerAnnotationExpr', 'default booleanMethodDeclaration', 'final MethodDeclaration', 'ViewportTypeMarkerAnnotationExpr', 'static protected intMethodDeclaration', 'static public floatMethodDeclaration', 'EnrollReasonMarkerAnnotationExpr', 'SensorTypeMarkerAnnotationExpr', 'ElapsedRealtimeLongMarkerAnnotationExpr', 'EmptyStmt', 'ErrorMarkerAnnotationExpr', 'PriorityMarkerAnnotationExpr', 'ConnectorMarkerAnnotationExpr', 'final static private MethodDeclaration', 'PermissionInfoFlagsMarkerAnnotationExpr', 'PermissionWhitelistFlagsMarkerAnnotationExpr', 'RecognitionFailureCodeMarkerAnnotationExpr', 'static public byteMethodDeclaration', 'QueryFlagsMarkerAnnotationExpr', 'CiphersuiteMarkerAnnotationExpr', 'static private longMethodDeclaration', 'default public MethodDeclaration', 'FunctionalInterfaceMarkerAnnotationExpr', 'ApplyStrategyMarkerAnnotationExpr', 'PermissionResultMarkerAnnotationExpr', 'EnumDeclaration', 'EnumConstantDeclaration', 'RequestTypeMarkerAnnotationExpr', 'ReadModeMarkerAnnotationExpr', 'TransitionDirectionMarkerAnnotationExpr', 'TransitionTypeMarkerAnnotationExpr', 'BinderThreadMarkerAnnotationExpr', 'ShellMainThreadMarkerAnnotationExpr', 'SilentHeaderMarkerAnnotationExpr', 'DismissalSurfaceMarkerAnnotationExpr', 'DismissalSentimentMarkerAnnotationExpr', 'ResponseResultMarkerAnnotationExpr', 'WriteModeMarkerAnnotationExpr', 'final booleanMethodDeclaration', 'IdResMarkerAnnotationExpr', 'default public booleanMethodDeclaration', 'StartResultMarkerAnnotationExpr', 'StartArgFlagsMarkerAnnotationExpr', 'StopForegroundFlagsMarkerAnnotationExpr', 'UiThreadMarkerAnnotationExpr', 'public doubleMethodDeclaration', 'WakeReasonMarkerAnnotationExpr', 'GoToSleepReasonMarkerAnnotationExpr', 'protected floatMethodDeclaration', 'DurationMillisLongMarkerAnnotationExpr', 'TemplateTypeMarkerAnnotationExpr', 'PinResultTypeMarkerAnnotationExpr', 'native static public booleanMethodDeclaration', 'native static public intMethodDeclaration', 'PresubmitMarkerAnnotationExpr', 'SmallTestMarkerAnnotationExpr', 'abstract intMethodDeclaration', 'abstract booleanMethodDeclaration', 'LifecycleStateMarkerAnnotationExpr', 'AnimatorResMarkerAnnotationExpr', 'TransitMarkerAnnotationExpr', 'TransportStatusMarkerAnnotationExpr', 'MediumTestMarkerAnnotationExpr', 'FormatMarkerAnnotationExpr', 'ResponseCodeMarkerAnnotationExpr', 'SessionModeMarkerAnnotationExpr', 'public final MethodDeclaration', 'WidgetTypeMarkerAnnotationExpr', 'MockMarkerAnnotationExpr', 'public synchronized MethodDeclaration', 'synchronized public intMethodDeclaration', 'UiTemplateTypeMarkerAnnotationExpr', 'CardStateInfoMarkerAnnotationExpr', 'CheckResultMarkerAnnotationExpr', 'final static MethodDeclaration', 'ShortcutTypeMarkerAnnotationExpr', 'AccessibilityFragmentTypeMarkerAnnotationExpr', 'CinematicEffectStatusCodeMarkerAnnotationExpr', 'ImageContentTypeMarkerAnnotationExpr', 'StandbyBucketsMarkerAnnotationExpr', 'ForcedReasonsMarkerAnnotationExpr', 'ProcessStateMarkerAnnotationExpr', 'AppActionMarkerAnnotationExpr', 'AttestationProfileIdMarkerAnnotationExpr', 'ViewModeMarkerAnnotationExpr', 'AssertStmt', 'ServiceStatusMarkerAnnotationExpr', 'WarningTypeMarkerAnnotationExpr', 'synchronized private booleanMethodDeclaration', 'static private byteMethodDeclaration', 'LayoutlibDelegateMarkerAnnotationExpr', 'SearchIndexableMarkerAnnotationExpr', 'private longMethodDeclaration', 'static longMethodDeclaration', 'final protected booleanMethodDeclaration', 'CheckForNullMarkerAnnotationExpr', 'NullableDeclMarkerAnnotationExpr', 'NullableTypeMarkerAnnotationExpr', 'NullAllowedMarkerAnnotationExpr', 'NullUnknownMarkerAnnotationExpr', 'NonnullMarkerAnnotationExpr', 'NonNullDeclMarkerAnnotationExpr', 'NonNullTypeMarkerAnnotationExpr', 'NonNullByDefaultMarkerAnnotationExpr', 'ParametersAreNonnullByDefaultMarkerAnnotationExpr', 'IgnoreMarkerAnnotationExpr', 'StabilityMarkerAnnotationExpr', 'final private MethodDeclaration', 'PreciseCallStatesMarkerAnnotationExpr', 'NrVopsStatusMarkerAnnotationExpr', 'NrEmcStatusMarkerAnnotationExpr', 'ImsStateMarkerAnnotationExpr', 'ImsServiceCapabilityMarkerAnnotationExpr', 'LteVopsStatusMarkerAnnotationExpr', 'LceTypeMarkerAnnotationExpr', 'TransportTypeMarkerAnnotationExpr', 'EventMarkerAnnotationExpr', 'ExternalCallStateMarkerAnnotationExpr', 'ResultCodeMarkerAnnotationExpr', 'ThermalMitigationActionMarkerAnnotationExpr', 'ImsRegistrationTechMarkerAnnotationExpr', 'FeatureTypeMarkerAnnotationExpr', 'PositionMarkerAnnotationExpr', 'AppTypeMarkerAnnotationExpr', 'final public longMethodDeclaration', 'IntRangeMarkerAnnotationExpr', 'public default intMethodDeclaration', 'LayoutResMarkerAnnotationExpr', 'public shortMethodDeclaration', 'public byteMethodDeclaration', 'ThrottlingStatusMarkerAnnotationExpr', 'KeyEventActionMarkerAnnotationExpr', 'PxMarkerAnnotationExpr', 'EffectMarkerAnnotationExpr', 'GwpAsanModeMarkerAnnotationExpr', 'MemtagModeMarkerAnnotationExpr', 'NativeHeapZeroInitializedMarkerAnnotationExpr', 'ContentTypeMarkerAnnotationExpr', 'default intMethodDeclaration', 'default longMethodDeclaration', 'default floatMethodDeclaration', 'default doubleMethodDeclaration', 'NotifyFlagsMarkerAnnotationExpr', 'MotionEventActionMarkerAnnotationExpr', 'CallAudioRouteMarkerAnnotationExpr', 'DeviceConfigKeyMarkerAnnotationExpr', 'EventCategoryMarkerAnnotationExpr', 'KeyEventTypeMarkerAnnotationExpr', 'VariantMarkerAnnotationExpr', 'ViewTypeMarkerAnnotationExpr', 'abstract public floatMethodDeclaration', 'RepeatModeMarkerAnnotationExpr', 'ButtonMarkerAnnotationExpr', 'static floatMethodDeclaration', 'protected abstract MethodDeclaration', 'ProvidesMarkerAnnotationExpr', 'BackgroundMarkerAnnotationExpr', 'JSMethodMarkerAnnotationExpr', 'ReactMethodMarkerAnnotationExpr', 'DoStmt', 'GravityFlagMarkerAnnotationExpr', 'LocalClassDeclarationStmt', 'byteMethodDeclaration', 'DeviceOrientationMarkerAnnotationExpr', 'ColorResMarkerAnnotationExpr', 'screenTypeMarkerAnnotationExpr', 'AutoAccessMarkerAnnotationExpr', 'LightnessMarkerAnnotationExpr', 'CalledByNativeMarkerAnnotationExpr', 'public static MethodDeclaration', 'DimenResMarkerAnnotationExpr', 'native MethodDeclaration', 'AnnotationMemberDeclaration', 'AnimResMarkerAnnotationExpr', 'public final booleanMethodDeclaration', 'synchronized public booleanMethodDeclaration', 'NotThreadSafeMarkerAnnotationExpr', 'ThreadSafeMarkerAnnotationExpr', 'ErrorTypeMarkerAnnotationExpr', 'JavascriptInterfaceMarkerAnnotationExpr', 'ModuleMarkerAnnotationExpr', 'SigninAccessPointMarkerAnnotationExpr', 'SearchEnginePromoTypeMarkerAnnotationExpr', 'ReauthScopeMarkerAnnotationExpr', 'OverrideStateMarkerAnnotationExpr', 'TextSizeTypeMarkerAnnotationExpr', 'DocumentedMarkerAnnotationExpr', 'ResizeModeMarkerAnnotationExpr', 'StreamTypeMarkerAnnotationExpr', 'StereoModeMarkerAnnotationExpr', 'KeepMarkerAnnotationExpr', 'FlashModeMarkerAnnotationExpr', 'RawResMarkerAnnotationExpr', 'SubscribeMarkerAnnotationExpr', 'MenuResMarkerAnnotationExpr', 'final protected intMethodDeclaration', 'synchronized public longMethodDeclaration', 'static synchronized public MethodDeclaration', 'GetterMarkerAnnotationExpr', 'SetterMarkerAnnotationExpr', 'SingletonMarkerAnnotationExpr', 'public abstract MethodDeclaration', 'synchronized booleanMethodDeclaration', 'SafeVarargsMarkerAnnotationExpr', 'synchronized static MethodDeclaration', 'OptionalMarkerAnnotationExpr', 'StatusCodeMarkerAnnotationExpr', 'ActivityScopeMarkerAnnotationExpr', 'LabeledStmt', 'KeycodeMarkerAnnotationExpr', 'BindsMarkerAnnotationExpr', 'synchronized protected MethodDeclaration', 'ColumnMarkerAnnotationExpr', 'DraggableItemStateFlagsMarkerAnnotationExpr', 'static public doubleMethodDeclaration', 'InternalApiMarkerAnnotationExpr', 'JsonCreatorMarkerAnnotationExpr', 'JsonIgnoreMarkerAnnotationExpr', 'JsonPropertyMarkerAnnotationExpr', 'DoNotStripMarkerAnnotationExpr', 'UIManagerTypeMarkerAnnotationExpr', 'ImageEventTypeMarkerAnnotationExpr', 'native protected MethodDeclaration', 'WMSingletonMarkerAnnotationExpr', 'LinearColorMarkerAnnotationExpr', 'EntityMarkerAnnotationExpr', 'EntityInstanceMarkerAnnotationExpr', 'CarProtocolMarkerAnnotationExpr', 'KeepFieldsMarkerAnnotationExpr', 'CarAppApiLevelMarkerAnnotationExpr', 'ExperimentalCarApiMarkerAnnotationExpr', 'CarIconTypeMarkerAnnotationExpr', 'CarColorTypeMarkerAnnotationExpr', 'UnitMarkerAnnotationExpr', 'AlignmentMarkerAnnotationExpr', 'AutoValueMarkerAnnotationExpr', 'VideoRecordErrorMarkerAnnotationExpr', 'DoNotInlineMarkerAnnotationExpr', 'CarZoneRowMarkerAnnotationExpr', 'CarZoneColumnMarkerAnnotationExpr', 'ModeMarkerAnnotationExpr', 'NonParcelFieldMarkerAnnotationExpr', 'ArrayResMarkerAnnotationExpr', 'InputModeMarkerAnnotationExpr', 'ReplaceStrategyMarkerAnnotationExpr', 'EvConnectorTypeMarkerAnnotationExpr', 'FuelTypeMarkerAnnotationExpr', 'HorizontalAlignmentMarkerAnnotationExpr', 'CommandVersionMarkerAnnotationExpr', 'BuilderMarkerAnnotationExpr', 'StyleableResMarkerAnnotationExpr', 'CanIgnoreReturnValueMarkerAnnotationExpr', 'ProtoLayoutExperimentalMarkerAnnotationExpr', 'RatioMarkerAnnotationExpr', 'HvacFanDirectionMarkerAnnotationExpr', 'LongPropertyMarkerAnnotationExpr', 'AccessErrorMarkerAnnotationExpr', 'EnumTypeMarkerAnnotationExpr', 'VarType', 'TabSelectionTypeMarkerAnnotationExpr', 'NativeMethodsMarkerAnnotationExpr', 'native public intMethodDeclaration', 'InitializerMarkerAnnotationExpr', 'RibInteractorMarkerAnnotationExpr', 'native public MethodDeclaration', 'native static public MethodDeclaration', 'DivScopeMarkerAnnotationExpr', 'ValueMarkerAnnotationExpr', 'VideoProjectionFlagsMarkerAnnotationExpr', 'SyntheticMarkerAnnotationExpr', 'TrackTypeMarkerAnnotationExpr', 'final intMethodDeclaration', 'PureMarkerAnnotationExpr', 'LogLevelMarkerAnnotationExpr', 'MonotonicNonNullMarkerAnnotationExpr', 'CapabilitiesMarkerAnnotationExpr', 'VideoOutputModeMarkerAnnotationExpr', 'ColorSpaceMarkerAnnotationExpr', 'ColorRangeMarkerAnnotationExpr', 'ColorTransferMarkerAnnotationExpr', 'CryptoModeMarkerAnnotationExpr', 'RequirementFlagsMarkerAnnotationExpr', 'PcmEncodingMarkerAnnotationExpr', 'TabCreationStateMarkerAnnotationExpr', 'TabHidingTypeMarkerAnnotationExpr', 'final protected longMethodDeclaration', 'SecureModeMarkerAnnotationExpr', 'UnknownNullMarkerAnnotationExpr', 'BufferReplacementModeMarkerAnnotationExpr', 'private byteMethodDeclaration', 'ExperimentalMarkerAnnotationExpr', 'HiddenApiMarkerAnnotationExpr', 'DirtinessStateMarkerAnnotationExpr', 'PropDefaultMarkerAnnotationExpr', 'AdaptiveToolbarButtonVariantMarkerAnnotationExpr', 'StateChangeReasonMarkerAnnotationExpr', 'ModalDialogTypeMarkerAnnotationExpr', 'SlowMarkerAnnotationExpr', 'ServiceMarkerAnnotationExpr', 'IncubatingMarkerAnnotationExpr', 'BetaMarkerAnnotationExpr', 'TaskActionMarkerAnnotationExpr', 'InputMarkerAnnotationExpr', 'NonNullableSetterMarkerAnnotationExpr', 'NonNlsMarkerAnnotationExpr', 'InputFilesMarkerAnnotationExpr', 'ModifierConstantMarkerAnnotationExpr', 'InternalMarkerAnnotationExpr', 'TestOnlyMarkerAnnotationExpr', 'XmlTransientMarkerAnnotationExpr', 'OutputDirectoryMarkerAnnotationExpr', 'InputFileMarkerAnnotationExpr', 'ClassRuleMarkerAnnotationExpr', 'BeforeClassMarkerAnnotationExpr', 'MemoizedMarkerAnnotationExpr', 'CanonicalWebUrlMarkerAnnotationExpr', 'AssistedMarkerAnnotationExpr', 'GerritServerConfigMarkerAnnotationExpr', 'AssistedInjectMarkerAnnotationExpr', 'GerritPersonIdentMarkerAnnotationExpr', 'ParameterMarkerAnnotationExpr', 'MorphiaInternalMarkerAnnotationExpr', 'IdMarkerAnnotationExpr', 'SubstituteMarkerAnnotationExpr', 'AliasMarkerAnnotationExpr', 'ParameterizedTestMarkerAnnotationExpr', 'BeforeEachMarkerAnnotationExpr', 'AfterEachMarkerAnnotationExpr', 'NewFieldMarkerAnnotationExpr', 'TraceMarkerAnnotationExpr', 'FieldNameMarkerAnnotationExpr', 'DataMarkerAnnotationExpr', 'Slf4jMarkerAnnotationExpr', 'ConfigurationMarkerAnnotationExpr', 'BeanMarkerAnnotationExpr', 'RequiredArgsConstructorMarkerAnnotationExpr', 'ToStringMarkerAnnotationExpr', 'ValidMarkerAnnotationExpr', 'ManagedDataMarkerAnnotationExpr', 'ManagedAttributeMarkerAnnotationExpr', 'NoArgsConstructorMarkerAnnotationExpr', 'AllArgsConstructorMarkerAnnotationExpr', 'AutowiredMarkerAnnotationExpr', 'GwtCompatibleMarkerAnnotationExpr', 'ControllerMarkerAnnotationExpr', 'ComponentMarkerAnnotationExpr', 'ExtensionMarkerAnnotationExpr', 'ExportedBeanMarkerAnnotationExpr', 'DataBoundConstructorMarkerAnnotationExpr', 'RequirePOSTMarkerAnnotationExpr', 'QueryParameterMarkerAnnotationExpr', 'PrivateMarkerAnnotationExpr', 'TestExtensionMarkerAnnotationExpr', 'CheckReturnValueMarkerAnnotationExpr', 'default byteMethodDeclaration', 'default shortMethodDeclaration', 'AlphaMarkerAnnotationExpr', 'DataBoundSetterMarkerAnnotationExpr', 'AncestorInPathMarkerAnnotationExpr', 'POSTMarkerAnnotationExpr', 'UtilityClassMarkerAnnotationExpr', 'WhitelistedMarkerAnnotationExpr', 'PostConstructMarkerAnnotationExpr', 'SneakyThrowsMarkerAnnotationExpr', 'synchronized final public MethodDeclaration', 'EqualsAndHashCodeMarkerAnnotationExpr', 'NotBlankMarkerAnnotationExpr', 'PathVariableMarkerAnnotationExpr', 'QueryValueMarkerAnnotationExpr', 'synchronized public doubleMethodDeclaration', 'TransientMarkerAnnotationExpr', 'DefaultMarkerAnnotationExpr', 'RequiredMarkerAnnotationExpr', 'RestControllerMarkerAnnotationExpr', 'NonNullApiMarkerAnnotationExpr', 'NonNullFieldsMarkerAnnotationExpr', 'ParamMarkerAnnotationExpr', 'HeaderMarkerAnnotationExpr', 'RequestParamMarkerAnnotationExpr', 'ValidatedMarkerAnnotationExpr', 'static final public MethodDeclaration', 'NonnegativeMarkerAnnotationExpr', 'JsonpDeserializableMarkerAnnotationExpr', 'EditableMarkerAnnotationExpr', 'NotEmptyMarkerAnnotationExpr', 'BeforeAllMarkerAnnotationExpr', 'AfterAllMarkerAnnotationExpr', 'abstract public doubleMethodDeclaration', 'EvolvingMarkerAnnotationExpr', 'final public doubleMethodDeclaration', 'PositiveOrZeroMarkerAnnotationExpr', 'GwtIncompatibleMarkerAnnotationExpr', 'WeakMarkerAnnotationExpr', 'WeakOuterMarkerAnnotationExpr', 'ViewComponentMarkerAnnotationExpr', 'ForOverrideMarkerAnnotationExpr', 'DerivedMarkerAnnotationExpr', 'CheckMarkerAnnotationExpr', 'AddToRuleKeyMarkerAnnotationExpr', 'BuckStyleValueMarkerAnnotationExpr', 'OnChannelThreadMarkerAnnotationExpr', 'OnClientThreadMarkerAnnotationExpr', 'InitializedMarkerAnnotationExpr', 'UnknownKeyForMarkerAnnotationExpr', 'ProcessElementMarkerAnnotationExpr', 'MacroMarkerAnnotationExpr', 'WithBeanGetterMarkerAnnotationExpr', 'JsonAutoDetectMarkerAnnotationExpr', 'ObjectIdMarkerAnnotationExpr', 'WithSpanMarkerAnnotationExpr', 'ContextMarkerAnnotationExpr', 'GETMarkerAnnotationExpr', 'PositiveMarkerAnnotationExpr', 'AccessesPartialKeyMarkerAnnotationExpr', 'AutoCodecMarkerAnnotationExpr', 'InstantiatorMarkerAnnotationExpr', 'VisibleForSerializationMarkerAnnotationExpr', 'SerializationConstantMarkerAnnotationExpr', 'StarlarkConstructorMarkerAnnotationExpr', 'NamedMarkerAnnotationExpr', 'PublicEvolvingMarkerAnnotationExpr', 'RpcTimeoutMarkerAnnotationExpr', 'BenchmarkMarkerAnnotationExpr', 'NullFromTypeParamMarkerAnnotationExpr', 'UnmodifiableMarkerAnnotationExpr', 'SerialMarkerAnnotationExpr', 'CanRunDuringConflictMarkerAnnotationExpr', 'ActivateMarkerAnnotationExpr', 'ReferenceMarkerAnnotationExpr', 'DeactivateMarkerAnnotationExpr', 'JaxrsResourceMarkerAnnotationExpr', 'JSONRequiredMarkerAnnotationExpr', 'ModifiedMarkerAnnotationExpr', 'ExposeMarkerAnnotationExpr', 'OnWebSocketConnectMarkerAnnotationExpr', 'OnWebSocketCloseMarkerAnnotationExpr', 'OnWebSocketErrorMarkerAnnotationExpr', 'OnWebSocketMessageMarkerAnnotationExpr', 'FullConfigMarkerAnnotationExpr', 'PreDestroyMarkerAnnotationExpr', 'EventHandlerMarkerAnnotationExpr', 'TransactionalMarkerAnnotationExpr', 'NlsMarkerAnnotationExpr', 'ExcludeMarkerAnnotationExpr', 'ShadowMarkerAnnotationExpr', 'DebugDumpMarkerAnnotationExpr', 'WithMarkerAnnotationExpr', 'FinalDefaultMarkerAnnotationExpr', 'ConcurrentMethodMarkerAnnotationExpr', 'Log4j2MarkerAnnotationExpr', 'RequestBodyMarkerAnnotationExpr', 'ResourceMarkerAnnotationExpr', 'NlsSafeMarkerAnnotationExpr', 'DialogMessageMarkerAnnotationExpr', 'DialogTitleMarkerAnnotationExpr', 'StubbedMarkerAnnotationExpr', 'ProgressTitleMarkerAnnotationExpr', 'ActionTextMarkerAnnotationExpr', 'InspectionMessageMarkerAnnotationExpr', 'IntentionNameMarkerAnnotationExpr', 'SafeFieldForPreviewMarkerAnnotationExpr', 'SupportMarkerAnnotationExpr', 'UnlockWindowMarkerAnnotationExpr', 'UnlockScopedMarkerAnnotationExpr', 'NullMarkedMarkerAnnotationExpr', 'JsNonNullMarkerAnnotationExpr', 'KtPropertyMarkerAnnotationExpr', 'native public booleanMethodDeclaration', 'native static public longMethodDeclaration', 'AutoConfigurationMarkerAnnotationExpr', 'JmixPropertyMarkerAnnotationExpr', 'EventListenerMarkerAnnotationExpr', 'ReadOperationMarkerAnnotationExpr', 'SelectorMarkerAnnotationExpr', 'GetExchangeMarkerAnnotationExpr', 'TestValueMarkerAnnotationExpr', 'ParameterizedHttpServerTestMarkerAnnotationExpr', 'PrimaryMarkerAnnotationExpr', 'ConditionalOnMissingBeanMarkerAnnotationExpr', 'SpringIntegrationTestMarkerAnnotationExpr', 'CreatedDateMarkerAnnotationExpr', 'LastModifiedDateMarkerAnnotationExpr', 'RepositoryMarkerAnnotationExpr', 'EnableCachingMarkerAnnotationExpr', 'MemberSupportMarkerAnnotationExpr', 'ProgrammaticMarkerAnnotationExpr', 'VolatileMarkerAnnotationExpr', 'CopyMarkerAnnotationExpr', 'InitMarkerAnnotationExpr']
7
nnode =  5471
nmax =  931
nterm =  439
nnum =  5910
snowflakes = 712
37
Train =  22
Valid/Test =  7
675
<__main__.MyClass object at 0x2ae3adb49160>
Run 0
--------------------Best Result-------------------------
Train - Loss: 0.6914, Micro_F1: 0.5000
Valid - Loss: 0.6894, Micro_F1: 0.7857
Test - Loss: 0.6914, Micro_F1: 0.7492
Run 1
--------------------Best Result-------------------------
Train - Loss: 0.6937, Micro_F1: 0.4773
Valid - Loss: 0.6888, Micro_F1: 0.7143
Test - Loss: 0.6937, Micro_F1: 0.4281
--------------------Final Result-------------------------
Test - Micro_F1:0.5887+0.1606
7
nnode =  5456
nmax =  923
nterm =  513
nnum =  5969
snowflakes = 656
14
Train =  8
Valid/Test =  2
642
<__main__.MyClass object at 0x2ae2d849e3d0>
Run 0
--------------------Best Result-------------------------
Train - Loss: 0.5207, Micro_F1: 0.5000
Valid - Loss: 0.7175, Micro_F1: 0.5000
Test - Loss: 0.5207, Micro_F1: 0.9937
Run 1
--------------------Best Result-------------------------
Train - Loss: 3.5760, Micro_F1: 0.8750
Valid - Loss: 2.3129, Micro_F1: 0.5000
Test - Loss: 3.5760, Micro_F1: 0.0063
--------------------Final Result-------------------------
Test - Micro_F1:0.5000+0.4937
7
nnode =  5359
nmax =  942
nterm =  559
nnum =  5918
snowflakes = 619
10
Train =  6
Valid/Test =  2
609
<__main__.MyClass object at 0x2ae3adb3fc70>
Run 0
--------------------Best Result-------------------------
Train - Loss: 0.7954, Micro_F1: 0.8333
Valid - Loss: 0.9155, Micro_F1: 0.7500
Test - Loss: 0.7954, Micro_F1: 0.4710
Run 1
--------------------Best Result-------------------------
Train - Loss: 0.6496, Micro_F1: 1.0000
Valid - Loss: 0.8443, Micro_F1: 0.7500
Test - Loss: 0.6496, Micro_F1: 0.6103
--------------------Final Result-------------------------
Test - Micro_F1:0.5406+0.0697
7
nnode =  5218
nmax =  838
nterm =  513
nnum =  5731
snowflakes = 596
13
Train =  7
Valid/Test =  2
583
<__main__.MyClass object at 0x2ae3adb3fb50>
Run 0
--------------------Best Result-------------------------
Train - Loss: 0.7796, Micro_F1: 0.5714
Valid - Loss: 0.6464, Micro_F1: 0.7500
Test - Loss: 0.7796, Micro_F1: 0.3529
Run 1
--------------------Best Result-------------------------
Train - Loss: 0.6352, Micro_F1: 0.5000
Valid - Loss: 0.6335, Micro_F1: 0.7500
Test - Loss: 0.6352, Micro_F1: 0.6246
--------------------Final Result-------------------------
Test - Micro_F1:0.4888+0.1358
7
nnode =  5660
nmax =  937
nterm =  614
nnum =  6274
snowflakes = 669
17
Train =  10
Valid/Test =  3
652
<__main__.MyClass object at 0x2ae3a043bdc0>
Run 0
--------------------Best Result-------------------------
Train - Loss: 1.0108, Micro_F1: 0.7500
Valid - Loss: 0.8034, Micro_F1: 0.6667
Test - Loss: 1.0108, Micro_F1: 0.1633
Run 1
--------------------Best Result-------------------------
Train - Loss: 3.0956, Micro_F1: 0.8000
Valid - Loss: 1.7774, Micro_F1: 0.6667
Test - Loss: 3.0956, Micro_F1: 0.0933
--------------------Final Result-------------------------
Test - Micro_F1:0.1283+0.0350
7
nnode =  5397
nmax =  968
nterm =  531
nnum =  5928
snowflakes = 574
15
Train =  9
Valid/Test =  3
559
<__main__.MyClass object at 0x2ae2fa856400>
Run 0
--------------------Best Result-------------------------
Train - Loss: 0.6560, Micro_F1: 0.6111
Valid - Loss: 0.5726, Micro_F1: 1.0000
Test - Loss: 0.6560, Micro_F1: 0.4836
Run 1
--------------------Best Result-------------------------
Train - Loss: 0.6868, Micro_F1: 0.6111
Valid - Loss: 0.6046, Micro_F1: 1.0000
Test - Loss: 0.6868, Micro_F1: 0.5236
--------------------Final Result-------------------------
Test - Micro_F1:0.5036+0.0200
7
nnode =  5231
nmax =  866
nterm =  486
nnum =  5717
snowflakes = 663
40
Train =  24
Valid/Test =  8
623
<__main__.MyClass object at 0x2ae2d849e3d0>
Run 0
--------------------Best Result-------------------------
Train - Loss: 0.6863, Micro_F1: 0.5000
Valid - Loss: 0.6806, Micro_F1: 0.7500
Test - Loss: 0.6863, Micro_F1: 0.3873
Run 1
--------------------Best Result-------------------------
Train - Loss: 0.4309, Micro_F1: 0.6458
Valid - Loss: 0.5776, Micro_F1: 0.7500
Test - Loss: 0.4309, Micro_F1: 0.8214
--------------------Final Result-------------------------
Test - Micro_F1:0.6043+0.2170
7
nnode =  5886
nmax =  959
nterm =  490
nnum =  6376
snowflakes = 683
20
Train =  12
Valid/Test =  4
663
<__main__.MyClass object at 0x2ae3adb318b0>
Run 0
--------------------Best Result-------------------------
Train - Loss: 0.6302, Micro_F1: 0.7083
Valid - Loss: 0.6205, Micro_F1: 0.8750
Test - Loss: 0.6302, Micro_F1: 0.6175
Run 1
--------------------Best Result-------------------------
Train - Loss: 0.4225, Micro_F1: 0.8750
Valid - Loss: 0.3566, Micro_F1: 1.0000
Test - Loss: 0.4225, Micro_F1: 0.7465
--------------------Final Result-------------------------
Test - Micro_F1:0.6820+0.0645
7
nnode =  5248
nmax =  963
nterm =  562
nnum =  5810
snowflakes = 598
10
Train =  6
Valid/Test =  2
588
<__main__.MyClass object at 0x2ae2fa856400>
Run 0
--------------------Best Result-------------------------
Train - Loss: 0.6330, Micro_F1: 0.8333
Valid - Loss: 0.6154, Micro_F1: 1.0000
Test - Loss: 0.6330, Micro_F1: 0.7766
Run 1
--------------------Best Result-------------------------
Train - Loss: 0.4140, Micro_F1: 0.5000
Valid - Loss: 0.5883, Micro_F1: 0.7500
Test - Loss: 0.4140, Micro_F1: 0.8746
--------------------Final Result-------------------------
Test - Micro_F1:0.8256+0.0490
7
nnode =  5941
nmax =  991
nterm =  653
nnum =  6594
snowflakes = 574
21
Train =  12
Valid/Test =  4
553
<__main__.MyClass object at 0x2ae3a043bdc0>
Run 0
--------------------Best Result-------------------------
Train - Loss: 0.7086, Micro_F1: 0.7500
Valid - Loss: 0.5155, Micro_F1: 1.0000
Test - Loss: 0.7086, Micro_F1: 0.3856
Run 1
--------------------Best Result-------------------------
Train - Loss: 0.7198, Micro_F1: 0.7083
Valid - Loss: 0.3550, Micro_F1: 1.0000
Test - Loss: 0.7198, Micro_F1: 0.4151
--------------------Final Result-------------------------
Test - Micro_F1:0.4004+0.0148
7
nnode =  5719
nmax =  968
nterm =  585
nnum =  6304
snowflakes = 617
14
Train =  8
Valid/Test =  2
603
<__main__.MyClass object at 0x2ae3abe2b340>
Run 0
--------------------Best Result-------------------------
Train - Loss: 0.5743, Micro_F1: 0.7500
Valid - Loss: 0.6151, Micro_F1: 1.0000
Test - Loss: 0.5743, Micro_F1: 0.5762
Run 1
--------------------Best Result-------------------------
Train - Loss: 0.5186, Micro_F1: 0.8750
Valid - Loss: 0.4229, Micro_F1: 1.0000
Test - Loss: 0.5186, Micro_F1: 0.6466
--------------------Final Result-------------------------
Test - Micro_F1:0.6114+0.0352
7
nnode =  5748
nmax =  956
nterm =  552
nnum =  6300
snowflakes = 678
24
Train =  14
Valid/Test =  4
654
<__main__.MyClass object at 0x2ae2d849e3d0>
Run 0
--------------------Best Result-------------------------
Train - Loss: 0.4283, Micro_F1: 0.7857
Valid - Loss: 0.4723, Micro_F1: 1.0000
Test - Loss: 0.4283, Micro_F1: 0.7944
Run 1
--------------------Best Result-------------------------
Train - Loss: 0.5387, Micro_F1: 0.6786
Valid - Loss: 0.4881, Micro_F1: 0.8750
Test - Loss: 0.5387, Micro_F1: 0.6106
--------------------Final Result-------------------------
Test - Micro_F1:0.7025+0.0919
7
nnode =  5447
nmax =  949
nterm =  457
nnum =  5904
snowflakes = 567
23
Train =  13
Valid/Test =  4
544
<__main__.MyClass object at 0x2ae3adb49070>
Run 0
--------------------Best Result-------------------------
Train - Loss: 0.3420, Micro_F1: 0.7692
Valid - Loss: 0.5317, Micro_F1: 0.7500
Test - Loss: 0.3420, Micro_F1: 0.7523
Run 1
--------------------Best Result-------------------------
Train - Loss: 0.4102, Micro_F1: 0.9231
Valid - Loss: 0.5563, Micro_F1: 0.8750
Test - Loss: 0.4102, Micro_F1: 0.7467
--------------------Final Result-------------------------
Test - Micro_F1:0.7495+0.0028
7
nnode =  5325
nmax =  967
nterm =  603
nnum =  5928
snowflakes = 689
23
Train =  13
Valid/Test =  4
666
<__main__.MyClass object at 0x2ae3adb3fc70>
Run 0
--------------------Best Result-------------------------
Train - Loss: 0.5770, Micro_F1: 0.5769
Valid - Loss: 0.6537, Micro_F1: 0.8750
Test - Loss: 0.5770, Micro_F1: 0.6504
Run 1
--------------------Best Result-------------------------
Train - Loss: 0.6921, Micro_F1: 0.6923
Valid - Loss: 0.6608, Micro_F1: 0.7500
Test - Loss: 0.6921, Micro_F1: 0.7511
--------------------Final Result-------------------------
Test - Micro_F1:0.7008+0.0504
7
nnode =  5345
nmax =  966
nterm =  512
nnum =  5857
snowflakes = 574
19
Train =  11
Valid/Test =  3
555
<__main__.MyClass object at 0x2ae56456e5e0>
Run 0
--------------------Best Result-------------------------
Train - Loss: 0.7131, Micro_F1: 0.5000
Valid - Loss: 0.5251, Micro_F1: 0.8333
Test - Loss: 0.7131, Micro_F1: 0.6557
Run 1
--------------------Best Result-------------------------
Train - Loss: 0.5086, Micro_F1: 0.8182
Valid - Loss: 0.5636, Micro_F1: 0.8333
Test - Loss: 0.5086, Micro_F1: 0.6429
--------------------Final Result-------------------------
Test - Micro_F1:0.6493+0.0064
7
nnode =  5614
nmax =  978
nterm =  585
nnum =  6199
snowflakes = 778
19
Train =  11
Valid/Test =  3
759
<__main__.MyClass object at 0x2ae2fa856400>
Run 0
--------------------Best Result-------------------------
Train - Loss: 0.4355, Micro_F1: 0.7727
Valid - Loss: 0.3525, Micro_F1: 1.0000
Test - Loss: 0.4355, Micro_F1: 0.7107
Run 1
--------------------Best Result-------------------------
Train - Loss: 0.2913, Micro_F1: 0.8636
Valid - Loss: 0.3171, Micro_F1: 1.0000
Test - Loss: 0.2913, Micro_F1: 0.8467
--------------------Final Result-------------------------
Test - Micro_F1:0.7787+0.0680
7
nnode =  5121
nmax =  855
nterm =  465
nnum =  5586
snowflakes = 685
28
Train =  16
Valid/Test =  5
657
<__main__.MyClass object at 0x2ae564690b50>
Run 0
--------------------Best Result-------------------------
Train - Loss: 0.5153, Micro_F1: 0.7812
Valid - Loss: 0.5989, Micro_F1: 0.8000
Test - Loss: 0.5153, Micro_F1: 0.7045
Run 1
--------------------Best Result-------------------------
Train - Loss: 0.3934, Micro_F1: 0.8750
Valid - Loss: 0.5431, Micro_F1: 0.8000
Test - Loss: 0.3934, Micro_F1: 0.7729
--------------------Final Result-------------------------
Test - Micro_F1:0.7387+0.0342
7
nnode =  5551
nmax =  910
nterm =  535
nnum =  6086
snowflakes = 798
36
Train =  21
Valid/Test =  7
762
<__main__.MyClass object at 0x2ae564690820>
Run 0
--------------------Best Result-------------------------
Train - Loss: 0.4899, Micro_F1: 0.5000
Valid - Loss: 0.5634, Micro_F1: 0.7857
Test - Loss: 0.4899, Micro_F1: 0.5876
Run 1
--------------------Best Result-------------------------
Train - Loss: 0.4881, Micro_F1: 0.5000
Valid - Loss: 0.6004, Micro_F1: 0.7857
Test - Loss: 0.4881, Micro_F1: 0.5472
--------------------Final Result-------------------------
Test - Micro_F1:0.5674+0.0202
7
nnode =  5525
nmax =  967
nterm =  550
nnum =  6075
snowflakes = 673
14
Train =  8
Valid/Test =  2
659
<__main__.MyClass object at 0x2ae3abe0bbe0>
Run 0
--------------------Best Result-------------------------
Train - Loss: 0.4937, Micro_F1: 0.5000
Valid - Loss: 0.6809, Micro_F1: 0.7500
Test - Loss: 0.4937, Micro_F1: 0.6677
Run 1
--------------------Best Result-------------------------
Train - Loss: 0.0559, Micro_F1: 0.5625
Valid - Loss: 1.3566, Micro_F1: 0.5000
Test - Loss: 0.0559, Micro_F1: 0.9939
--------------------Final Result-------------------------
Test - Micro_F1:0.8308+0.1631
7
nnode =  5065
nmax =  830
nterm =  459
nnum =  5524
snowflakes = 617
29
Train =  17
Valid/Test =  5
588
<__main__.MyClass object at 0x2ae5645e7880>
Run 0
--------------------Best Result-------------------------
Train - Loss: 0.7238, Micro_F1: 0.5000
Valid - Loss: 0.6410, Micro_F1: 0.7000
Test - Loss: 0.7238, Micro_F1: 0.4084
Run 1
--------------------Best Result-------------------------
Train - Loss: 0.9613, Micro_F1: 0.7647
Valid - Loss: 0.6943, Micro_F1: 0.7000
Test - Loss: 0.9613, Micro_F1: 0.2670
--------------------Final Result-------------------------
Test - Micro_F1:0.3377+0.0707
7
nnode =  5510
nmax =  922
nterm =  531
nnum =  6041
snowflakes = 648
21
Train =  12
Valid/Test =  4
627
<__main__.MyClass object at 0x2ae2d849e3d0>
Run 0
--------------------Best Result-------------------------
Train - Loss: 0.6750, Micro_F1: 0.5000
Valid - Loss: 0.6428, Micro_F1: 0.7500
Test - Loss: 0.6750, Micro_F1: 0.4221
Run 1
--------------------Best Result-------------------------
Train - Loss: 0.8961, Micro_F1: 0.5833
Valid - Loss: 0.7042, Micro_F1: 0.7500
Test - Loss: 0.8961, Micro_F1: 0.3669
--------------------Final Result-------------------------
Test - Micro_F1:0.3945+0.0276
7
nnode =  5319
nmax =  851
nterm =  503
nnum =  5822
snowflakes = 791
36
Train =  21
Valid/Test =  7
755
<__main__.MyClass object at 0x2ae564668d30>
Run 0
--------------------Best Result-------------------------
Train - Loss: 0.4786, Micro_F1: 0.8333
Valid - Loss: 0.4956, Micro_F1: 0.9286
Test - Loss: 0.4786, Micro_F1: 0.6585
Run 1
--------------------Best Result-------------------------
Train - Loss: 0.7331, Micro_F1: 0.8333
Valid - Loss: 0.3522, Micro_F1: 0.9286
Test - Loss: 0.7331, Micro_F1: 0.6082
--------------------Final Result-------------------------
Test - Micro_F1:0.6333+0.0252
7
nnode =  4893
nmax =  819
nterm =  534
nnum =  5427
snowflakes = 592
26
Train =  15
Valid/Test =  5
566
<__main__.MyClass object at 0x2ae5646b9940>
Run 0
--------------------Best Result-------------------------
Train - Loss: 0.6113, Micro_F1: 0.9000
Valid - Loss: 0.4332, Micro_F1: 0.9000
Test - Loss: 0.6113, Micro_F1: 0.6522
Run 1
--------------------Best Result-------------------------
Train - Loss: 1.2438, Micro_F1: 0.5000
Valid - Loss: 0.6362, Micro_F1: 0.9000
Test - Loss: 1.2438, Micro_F1: 0.6159
--------------------Final Result-------------------------
Test - Micro_F1:0.6341+0.0181
7
nnode =  5271
nmax =  944
nterm =  636
nnum =  5907
snowflakes = 517
17
Train =  10
Valid/Test =  3
500
<__main__.MyClass object at 0x2ae2fa856400>
Run 0
--------------------Best Result-------------------------
Train - Loss: 0.4475, Micro_F1: 0.5000
Valid - Loss: 0.3501, Micro_F1: 0.8333
Test - Loss: 0.4475, Micro_F1: 0.7026
Run 1
--------------------Best Result-------------------------
Train - Loss: 0.6747, Micro_F1: 0.6000
Valid - Loss: 0.4713, Micro_F1: 0.8333
Test - Loss: 0.6747, Micro_F1: 0.5580
--------------------Final Result-------------------------
Test - Micro_F1:0.6303+0.0723
7
nnode =  5432
nmax =  921
nterm =  543
nnum =  5975
snowflakes = 580
18
Train =  10
Valid/Test =  3
562
<__main__.MyClass object at 0x2ae5646502b0>
Run 0
--------------------Best Result-------------------------
Train - Loss: 0.7616, Micro_F1: 0.7500
Valid - Loss: 0.5735, Micro_F1: 0.6667
Test - Loss: 0.7616, Micro_F1: 0.3682
Run 1
--------------------Best Result-------------------------
Train - Loss: 0.5833, Micro_F1: 0.6500
Valid - Loss: 0.6098, Micro_F1: 0.8333
Test - Loss: 0.5833, Micro_F1: 0.3736
--------------------Final Result-------------------------
Test - Micro_F1:0.3709+0.0027
7
nnode =  5445
nmax =  863
nterm =  579
nnum =  6024
snowflakes = 790
27
Train =  16
Valid/Test =  5
763
<__main__.MyClass object at 0x2ae564578e50>
Run 0
--------------------Best Result-------------------------
Train - Loss: 0.5474, Micro_F1: 0.5000
Valid - Loss: 0.6732, Micro_F1: 0.9000
Test - Loss: 0.5474, Micro_F1: 0.8463
Run 1
--------------------Best Result-------------------------
Train - Loss: 0.3849, Micro_F1: 0.5000
Valid - Loss: 0.5574, Micro_F1: 0.9000
Test - Loss: 0.3849, Micro_F1: 0.7567
--------------------Final Result-------------------------
Test - Micro_F1:0.8015+0.0448
7
nnode =  4995
nmax =  847
nterm =  572
nnum =  5567
snowflakes = 569
20
Train =  12
Valid/Test =  4
549
<__main__.MyClass object at 0x2ae2f3320520>
Run 0
--------------------Best Result-------------------------
Train - Loss: 0.9327, Micro_F1: 0.5000
Valid - Loss: 0.3462, Micro_F1: 0.8750
Test - Loss: 0.9327, Micro_F1: 0.4469
Run 1
--------------------Best Result-------------------------
Train - Loss: 0.5259, Micro_F1: 0.6667
Valid - Loss: 0.4249, Micro_F1: 0.8750
Test - Loss: 0.5259, Micro_F1: 0.5251
--------------------Final Result-------------------------
Test - Micro_F1:0.4860+0.0391
7
nnode =  5957
nmax =  963
nterm =  670
nnum =  6627
snowflakes = 692
17
Train =  10
Valid/Test =  3
675
<__main__.MyClass object at 0x2ae564916910>
Run 0
--------------------Best Result-------------------------
Train - Loss: 0.0467, Micro_F1: 0.9000
srun: Job step aborted: Waiting up to 62 seconds for job step to finish.
slurmstepd: error: *** STEP 778053.0 ON node650 CANCELLED AT 2023-09-03T17:26:30 ***
slurmstepd: error: *** JOB 778053 ON node650 CANCELLED AT 2023-09-03T17:26:30 ***
